ARM GAS  /tmp/ccF14vOj.s 			page 1


   1              		.cpu cortex-m3
   2              		.arch armv7-m
   3              		.fpu softvfp
   4              		.eabi_attribute 20, 1
   5              		.eabi_attribute 21, 1
   6              		.eabi_attribute 23, 3
   7              		.eabi_attribute 24, 1
   8              		.eabi_attribute 25, 1
   9              		.eabi_attribute 26, 1
  10              		.eabi_attribute 30, 1
  11              		.eabi_attribute 34, 1
  12              		.eabi_attribute 18, 4
  13              		.file	"main.c"
  14              		.text
  15              	.Ltext0:
  16              		.cfi_sections	.debug_frame
  17              		.section	.text.Error_Handler,"ax",%progbits
  18              		.align	1
  19              		.global	Error_Handler
  20              		.syntax unified
  21              		.thumb
  22              		.thumb_func
  24              	Error_Handler:
  25              	.LFB70:
  26              		.file 1 "Core/Src/main.c"
   1:Core/Src/main.c **** /* USER CODE BEGIN Header */
   2:Core/Src/main.c **** /**
   3:Core/Src/main.c ****  ******************************************************************************
   4:Core/Src/main.c ****  * @file           : main.c
   5:Core/Src/main.c ****  * @brief          : Main program body
   6:Core/Src/main.c ****  ******************************************************************************
   7:Core/Src/main.c ****  * @attention
   8:Core/Src/main.c ****  *
   9:Core/Src/main.c ****  * Copyright (c) 2022 STMicroelectronics.
  10:Core/Src/main.c ****  * All rights reserved.
  11:Core/Src/main.c ****  *
  12:Core/Src/main.c ****  * This software is licensed under terms that can be found in the LICENSE file
  13:Core/Src/main.c ****  * in the root directory of this software component.
  14:Core/Src/main.c ****  * If no LICENSE file comes with this software, it is provided AS-IS.
  15:Core/Src/main.c ****  *
  16:Core/Src/main.c ****  ******************************************************************************
  17:Core/Src/main.c ****  */
  18:Core/Src/main.c **** /* USER CODE END Header */
  19:Core/Src/main.c **** /* Includes ------------------------------------------------------------------*/
  20:Core/Src/main.c **** #include "main.h"
  21:Core/Src/main.c **** #include "tim.h"
  22:Core/Src/main.c **** #include "usart.h"
  23:Core/Src/main.c **** #include "gpio.h"
  24:Core/Src/main.c **** 
  25:Core/Src/main.c **** /* Private includes ----------------------------------------------------------*/
  26:Core/Src/main.c **** /* USER CODE BEGIN Includes */
  27:Core/Src/main.c **** 
  28:Core/Src/main.c **** /* USER CODE END Includes */
  29:Core/Src/main.c **** 
  30:Core/Src/main.c **** /* Private typedef -----------------------------------------------------------*/
  31:Core/Src/main.c **** /* USER CODE BEGIN PTD */
  32:Core/Src/main.c **** 
ARM GAS  /tmp/ccF14vOj.s 			page 2


  33:Core/Src/main.c **** /* USER CODE END PTD */
  34:Core/Src/main.c **** 
  35:Core/Src/main.c **** /* Private define ------------------------------------------------------------*/
  36:Core/Src/main.c **** /* USER CODE BEGIN PD */
  37:Core/Src/main.c **** /* USER CODE END PD */
  38:Core/Src/main.c **** 
  39:Core/Src/main.c **** /* Private macro -------------------------------------------------------------*/
  40:Core/Src/main.c **** /* USER CODE BEGIN PM */
  41:Core/Src/main.c **** 
  42:Core/Src/main.c **** /* USER CODE END PM */
  43:Core/Src/main.c **** 
  44:Core/Src/main.c **** /* Private variables ---------------------------------------------------------*/
  45:Core/Src/main.c **** 
  46:Core/Src/main.c **** /* USER CODE BEGIN PV */
  47:Core/Src/main.c **** 
  48:Core/Src/main.c **** /* USER CODE END PV */
  49:Core/Src/main.c **** 
  50:Core/Src/main.c **** /* Private function prototypes -----------------------------------------------*/
  51:Core/Src/main.c **** void SystemClock_Config(void);
  52:Core/Src/main.c **** /* USER CODE BEGIN PFP */
  53:Core/Src/main.c **** 
  54:Core/Src/main.c **** /* USER CODE END PFP */
  55:Core/Src/main.c **** 
  56:Core/Src/main.c **** /* Private user code ---------------------------------------------------------*/
  57:Core/Src/main.c **** /* USER CODE BEGIN 0 */
  58:Core/Src/main.c **** 
  59:Core/Src/main.c **** /* USER CODE END 0 */
  60:Core/Src/main.c **** static void LCD_Test(void);
  61:Core/Src/main.c **** static void Delay(__IO uint32_t nCount);
  62:Core/Src/main.c **** void Printf_Charater(void);
  63:Core/Src/main.c **** /**
  64:Core/Src/main.c ****  * @brief  The application entry point.
  65:Core/Src/main.c ****  * @retval int
  66:Core/Src/main.c ****  */
  67:Core/Src/main.c **** int main(void)
  68:Core/Src/main.c **** {
  69:Core/Src/main.c ****     /* Reset of all peripherals, Initializes the Flash interface and the Systick. */
  70:Core/Src/main.c ****     HAL_Init();
  71:Core/Src/main.c **** 
  72:Core/Src/main.c ****     /* Configure the system clock */
  73:Core/Src/main.c ****     SystemClock_Config();
  74:Core/Src/main.c **** 
  75:Core/Src/main.c ****     /* Initialize all configured peripherals */
  76:Core/Src/main.c ****     MX_GPIO_Init();
  77:Core/Src/main.c ****     MX_TIM2_Init();
  78:Core/Src/main.c ****     MX_USART1_UART_Init();
  79:Core/Src/main.c ****     HAL_TIM_Base_Start_IT(&htim2);
  80:Core/Src/main.c **** 
  81:Core/Src/main.c ****     // ILI9341_Init();
  82:Core/Src/main.c **** 
  83:Core/Src/main.c ****     // ILI9341_GramScan(6);
  84:Core/Src/main.c ****     while (1)
  85:Core/Src/main.c ****     {
  86:Core/Src/main.c ****         // uint32_t id = ILI9341_ReadID();
  87:Core/Src/main.c ****         HAL_Delay(1000);
  88:Core/Src/main.c ****         printf("hello world wanghao\r\n");
  89:Core/Src/main.c ****         // LCD_Test();
ARM GAS  /tmp/ccF14vOj.s 			page 3


  90:Core/Src/main.c ****     }
  91:Core/Src/main.c **** }
  92:Core/Src/main.c **** 
  93:Core/Src/main.c **** /**
  94:Core/Src/main.c ****  * @brief System Clock Configuration
  95:Core/Src/main.c ****  * @retval None
  96:Core/Src/main.c ****  */
  97:Core/Src/main.c **** void SystemClock_Config(void)
  98:Core/Src/main.c **** {
  99:Core/Src/main.c ****     RCC_OscInitTypeDef RCC_OscInitStruct = {0};
 100:Core/Src/main.c ****     RCC_ClkInitTypeDef RCC_ClkInitStruct = {0};
 101:Core/Src/main.c **** 
 102:Core/Src/main.c ****     /** Initializes the RCC Oscillators according to the specified parameters
 103:Core/Src/main.c ****      * in the RCC_OscInitTypeDef structure.
 104:Core/Src/main.c ****      */
 105:Core/Src/main.c ****     RCC_OscInitStruct.OscillatorType = RCC_OSCILLATORTYPE_HSE;
 106:Core/Src/main.c ****     RCC_OscInitStruct.HSEState = RCC_HSE_ON;
 107:Core/Src/main.c ****     RCC_OscInitStruct.HSEPredivValue = RCC_HSE_PREDIV_DIV1;
 108:Core/Src/main.c ****     RCC_OscInitStruct.HSIState = RCC_HSI_ON;
 109:Core/Src/main.c ****     RCC_OscInitStruct.PLL.PLLState = RCC_PLL_ON;
 110:Core/Src/main.c ****     RCC_OscInitStruct.PLL.PLLSource = RCC_PLLSOURCE_HSE;
 111:Core/Src/main.c ****     RCC_OscInitStruct.PLL.PLLMUL = RCC_PLL_MUL9;
 112:Core/Src/main.c ****     if (HAL_RCC_OscConfig(&RCC_OscInitStruct) != HAL_OK)
 113:Core/Src/main.c ****     {
 114:Core/Src/main.c ****         Error_Handler();
 115:Core/Src/main.c ****     }
 116:Core/Src/main.c **** 
 117:Core/Src/main.c ****     /** Initializes the CPU, AHB and APB buses clocks
 118:Core/Src/main.c ****      */
 119:Core/Src/main.c ****     RCC_ClkInitStruct.ClockType = RCC_CLOCKTYPE_HCLK | RCC_CLOCKTYPE_SYSCLK | RCC_CLOCKTYPE_PCLK1 |
 120:Core/Src/main.c ****     RCC_ClkInitStruct.SYSCLKSource = RCC_SYSCLKSOURCE_PLLCLK;
 121:Core/Src/main.c ****     RCC_ClkInitStruct.AHBCLKDivider = RCC_SYSCLK_DIV1;
 122:Core/Src/main.c ****     RCC_ClkInitStruct.APB1CLKDivider = RCC_HCLK_DIV2;
 123:Core/Src/main.c ****     RCC_ClkInitStruct.APB2CLKDivider = RCC_HCLK_DIV1;
 124:Core/Src/main.c **** 
 125:Core/Src/main.c ****     if (HAL_RCC_ClockConfig(&RCC_ClkInitStruct, FLASH_LATENCY_2) != HAL_OK)
 126:Core/Src/main.c ****     {
 127:Core/Src/main.c ****         Error_Handler();
 128:Core/Src/main.c ****     }
 129:Core/Src/main.c **** }
 130:Core/Src/main.c **** 
 131:Core/Src/main.c **** /* USER CODE BEGIN 4 */
 132:Core/Src/main.c **** 
 133:Core/Src/main.c **** /* USER CODE END 4 */
 134:Core/Src/main.c **** 
 135:Core/Src/main.c **** /**
 136:Core/Src/main.c ****  * @brief  This function is executed in case of error occurrence.
 137:Core/Src/main.c ****  * @retval None
 138:Core/Src/main.c ****  */
 139:Core/Src/main.c **** void Error_Handler(void)
 140:Core/Src/main.c **** {
  27              		.loc 1 140 1 view -0
  28              		.cfi_startproc
  29              		@ Volatile: function does not return.
  30              		@ args = 0, pretend = 0, frame = 0
  31              		@ frame_needed = 0, uses_anonymous_args = 0
  32              		@ link register save eliminated.
ARM GAS  /tmp/ccF14vOj.s 			page 4


 141:Core/Src/main.c ****     /* USER CODE BEGIN Error_Handler_Debug */
 142:Core/Src/main.c ****     /* User can add his own implementation to report the HAL error return state */
 143:Core/Src/main.c ****     __disable_irq();
  33              		.loc 1 143 5 view .LVU1
  34              	.LBB4:
  35              	.LBI4:
  36              		.file 2 "Drivers/CMSIS/Include/cmsis_gcc.h"
   1:Drivers/CMSIS/Include/cmsis_gcc.h **** /**************************************************************************//**
   2:Drivers/CMSIS/Include/cmsis_gcc.h ****  * @file     cmsis_gcc.h
   3:Drivers/CMSIS/Include/cmsis_gcc.h ****  * @brief    CMSIS compiler GCC header file
   4:Drivers/CMSIS/Include/cmsis_gcc.h ****  * @version  V5.0.4
   5:Drivers/CMSIS/Include/cmsis_gcc.h ****  * @date     09. April 2018
   6:Drivers/CMSIS/Include/cmsis_gcc.h ****  ******************************************************************************/
   7:Drivers/CMSIS/Include/cmsis_gcc.h **** /*
   8:Drivers/CMSIS/Include/cmsis_gcc.h ****  * Copyright (c) 2009-2018 Arm Limited. All rights reserved.
   9:Drivers/CMSIS/Include/cmsis_gcc.h ****  *
  10:Drivers/CMSIS/Include/cmsis_gcc.h ****  * SPDX-License-Identifier: Apache-2.0
  11:Drivers/CMSIS/Include/cmsis_gcc.h ****  *
  12:Drivers/CMSIS/Include/cmsis_gcc.h ****  * Licensed under the Apache License, Version 2.0 (the License); you may
  13:Drivers/CMSIS/Include/cmsis_gcc.h ****  * not use this file except in compliance with the License.
  14:Drivers/CMSIS/Include/cmsis_gcc.h ****  * You may obtain a copy of the License at
  15:Drivers/CMSIS/Include/cmsis_gcc.h ****  *
  16:Drivers/CMSIS/Include/cmsis_gcc.h ****  * www.apache.org/licenses/LICENSE-2.0
  17:Drivers/CMSIS/Include/cmsis_gcc.h ****  *
  18:Drivers/CMSIS/Include/cmsis_gcc.h ****  * Unless required by applicable law or agreed to in writing, software
  19:Drivers/CMSIS/Include/cmsis_gcc.h ****  * distributed under the License is distributed on an AS IS BASIS, WITHOUT
  20:Drivers/CMSIS/Include/cmsis_gcc.h ****  * WARRANTIES OR CONDITIONS OF ANY KIND, either express or implied.
  21:Drivers/CMSIS/Include/cmsis_gcc.h ****  * See the License for the specific language governing permissions and
  22:Drivers/CMSIS/Include/cmsis_gcc.h ****  * limitations under the License.
  23:Drivers/CMSIS/Include/cmsis_gcc.h ****  */
  24:Drivers/CMSIS/Include/cmsis_gcc.h **** 
  25:Drivers/CMSIS/Include/cmsis_gcc.h **** #ifndef __CMSIS_GCC_H
  26:Drivers/CMSIS/Include/cmsis_gcc.h **** #define __CMSIS_GCC_H
  27:Drivers/CMSIS/Include/cmsis_gcc.h **** 
  28:Drivers/CMSIS/Include/cmsis_gcc.h **** /* ignore some GCC warnings */
  29:Drivers/CMSIS/Include/cmsis_gcc.h **** #pragma GCC diagnostic push
  30:Drivers/CMSIS/Include/cmsis_gcc.h **** #pragma GCC diagnostic ignored "-Wsign-conversion"
  31:Drivers/CMSIS/Include/cmsis_gcc.h **** #pragma GCC diagnostic ignored "-Wconversion"
  32:Drivers/CMSIS/Include/cmsis_gcc.h **** #pragma GCC diagnostic ignored "-Wunused-parameter"
  33:Drivers/CMSIS/Include/cmsis_gcc.h **** 
  34:Drivers/CMSIS/Include/cmsis_gcc.h **** /* Fallback for __has_builtin */
  35:Drivers/CMSIS/Include/cmsis_gcc.h **** #ifndef __has_builtin
  36:Drivers/CMSIS/Include/cmsis_gcc.h ****   #define __has_builtin(x) (0)
  37:Drivers/CMSIS/Include/cmsis_gcc.h **** #endif
  38:Drivers/CMSIS/Include/cmsis_gcc.h **** 
  39:Drivers/CMSIS/Include/cmsis_gcc.h **** /* CMSIS compiler specific defines */
  40:Drivers/CMSIS/Include/cmsis_gcc.h **** #ifndef   __ASM
  41:Drivers/CMSIS/Include/cmsis_gcc.h ****   #define __ASM                                  __asm
  42:Drivers/CMSIS/Include/cmsis_gcc.h **** #endif
  43:Drivers/CMSIS/Include/cmsis_gcc.h **** #ifndef   __INLINE
  44:Drivers/CMSIS/Include/cmsis_gcc.h ****   #define __INLINE                               inline
  45:Drivers/CMSIS/Include/cmsis_gcc.h **** #endif
  46:Drivers/CMSIS/Include/cmsis_gcc.h **** #ifndef   __STATIC_INLINE
  47:Drivers/CMSIS/Include/cmsis_gcc.h ****   #define __STATIC_INLINE                        static inline
  48:Drivers/CMSIS/Include/cmsis_gcc.h **** #endif
  49:Drivers/CMSIS/Include/cmsis_gcc.h **** #ifndef   __STATIC_FORCEINLINE                 
  50:Drivers/CMSIS/Include/cmsis_gcc.h ****   #define __STATIC_FORCEINLINE                   __attribute__((always_inline)) static inline
ARM GAS  /tmp/ccF14vOj.s 			page 5


  51:Drivers/CMSIS/Include/cmsis_gcc.h **** #endif                                           
  52:Drivers/CMSIS/Include/cmsis_gcc.h **** #ifndef   __NO_RETURN
  53:Drivers/CMSIS/Include/cmsis_gcc.h ****   #define __NO_RETURN                            __attribute__((__noreturn__))
  54:Drivers/CMSIS/Include/cmsis_gcc.h **** #endif
  55:Drivers/CMSIS/Include/cmsis_gcc.h **** #ifndef   __USED
  56:Drivers/CMSIS/Include/cmsis_gcc.h ****   #define __USED                                 __attribute__((used))
  57:Drivers/CMSIS/Include/cmsis_gcc.h **** #endif
  58:Drivers/CMSIS/Include/cmsis_gcc.h **** #ifndef   __WEAK
  59:Drivers/CMSIS/Include/cmsis_gcc.h ****   #define __WEAK                                 __attribute__((weak))
  60:Drivers/CMSIS/Include/cmsis_gcc.h **** #endif
  61:Drivers/CMSIS/Include/cmsis_gcc.h **** #ifndef   __PACKED
  62:Drivers/CMSIS/Include/cmsis_gcc.h ****   #define __PACKED                               __attribute__((packed, aligned(1)))
  63:Drivers/CMSIS/Include/cmsis_gcc.h **** #endif
  64:Drivers/CMSIS/Include/cmsis_gcc.h **** #ifndef   __PACKED_STRUCT
  65:Drivers/CMSIS/Include/cmsis_gcc.h ****   #define __PACKED_STRUCT                        struct __attribute__((packed, aligned(1)))
  66:Drivers/CMSIS/Include/cmsis_gcc.h **** #endif
  67:Drivers/CMSIS/Include/cmsis_gcc.h **** #ifndef   __PACKED_UNION
  68:Drivers/CMSIS/Include/cmsis_gcc.h ****   #define __PACKED_UNION                         union __attribute__((packed, aligned(1)))
  69:Drivers/CMSIS/Include/cmsis_gcc.h **** #endif
  70:Drivers/CMSIS/Include/cmsis_gcc.h **** #ifndef   __UNALIGNED_UINT32        /* deprecated */
  71:Drivers/CMSIS/Include/cmsis_gcc.h ****   #pragma GCC diagnostic push
  72:Drivers/CMSIS/Include/cmsis_gcc.h ****   #pragma GCC diagnostic ignored "-Wpacked"
  73:Drivers/CMSIS/Include/cmsis_gcc.h ****   #pragma GCC diagnostic ignored "-Wattributes"
  74:Drivers/CMSIS/Include/cmsis_gcc.h ****   struct __attribute__((packed)) T_UINT32 { uint32_t v; };
  75:Drivers/CMSIS/Include/cmsis_gcc.h ****   #pragma GCC diagnostic pop
  76:Drivers/CMSIS/Include/cmsis_gcc.h ****   #define __UNALIGNED_UINT32(x)                  (((struct T_UINT32 *)(x))->v)
  77:Drivers/CMSIS/Include/cmsis_gcc.h **** #endif
  78:Drivers/CMSIS/Include/cmsis_gcc.h **** #ifndef   __UNALIGNED_UINT16_WRITE
  79:Drivers/CMSIS/Include/cmsis_gcc.h ****   #pragma GCC diagnostic push
  80:Drivers/CMSIS/Include/cmsis_gcc.h ****   #pragma GCC diagnostic ignored "-Wpacked"
  81:Drivers/CMSIS/Include/cmsis_gcc.h ****   #pragma GCC diagnostic ignored "-Wattributes"
  82:Drivers/CMSIS/Include/cmsis_gcc.h ****   __PACKED_STRUCT T_UINT16_WRITE { uint16_t v; };
  83:Drivers/CMSIS/Include/cmsis_gcc.h ****   #pragma GCC diagnostic pop
  84:Drivers/CMSIS/Include/cmsis_gcc.h ****   #define __UNALIGNED_UINT16_WRITE(addr, val)    (void)((((struct T_UINT16_WRITE *)(void *)(addr))-
  85:Drivers/CMSIS/Include/cmsis_gcc.h **** #endif
  86:Drivers/CMSIS/Include/cmsis_gcc.h **** #ifndef   __UNALIGNED_UINT16_READ
  87:Drivers/CMSIS/Include/cmsis_gcc.h ****   #pragma GCC diagnostic push
  88:Drivers/CMSIS/Include/cmsis_gcc.h ****   #pragma GCC diagnostic ignored "-Wpacked"
  89:Drivers/CMSIS/Include/cmsis_gcc.h ****   #pragma GCC diagnostic ignored "-Wattributes"
  90:Drivers/CMSIS/Include/cmsis_gcc.h ****   __PACKED_STRUCT T_UINT16_READ { uint16_t v; };
  91:Drivers/CMSIS/Include/cmsis_gcc.h ****   #pragma GCC diagnostic pop
  92:Drivers/CMSIS/Include/cmsis_gcc.h ****   #define __UNALIGNED_UINT16_READ(addr)          (((const struct T_UINT16_READ *)(const void *)(add
  93:Drivers/CMSIS/Include/cmsis_gcc.h **** #endif
  94:Drivers/CMSIS/Include/cmsis_gcc.h **** #ifndef   __UNALIGNED_UINT32_WRITE
  95:Drivers/CMSIS/Include/cmsis_gcc.h ****   #pragma GCC diagnostic push
  96:Drivers/CMSIS/Include/cmsis_gcc.h ****   #pragma GCC diagnostic ignored "-Wpacked"
  97:Drivers/CMSIS/Include/cmsis_gcc.h ****   #pragma GCC diagnostic ignored "-Wattributes"
  98:Drivers/CMSIS/Include/cmsis_gcc.h ****   __PACKED_STRUCT T_UINT32_WRITE { uint32_t v; };
  99:Drivers/CMSIS/Include/cmsis_gcc.h ****   #pragma GCC diagnostic pop
 100:Drivers/CMSIS/Include/cmsis_gcc.h ****   #define __UNALIGNED_UINT32_WRITE(addr, val)    (void)((((struct T_UINT32_WRITE *)(void *)(addr))-
 101:Drivers/CMSIS/Include/cmsis_gcc.h **** #endif
 102:Drivers/CMSIS/Include/cmsis_gcc.h **** #ifndef   __UNALIGNED_UINT32_READ
 103:Drivers/CMSIS/Include/cmsis_gcc.h ****   #pragma GCC diagnostic push
 104:Drivers/CMSIS/Include/cmsis_gcc.h ****   #pragma GCC diagnostic ignored "-Wpacked"
 105:Drivers/CMSIS/Include/cmsis_gcc.h ****   #pragma GCC diagnostic ignored "-Wattributes"
 106:Drivers/CMSIS/Include/cmsis_gcc.h ****   __PACKED_STRUCT T_UINT32_READ { uint32_t v; };
 107:Drivers/CMSIS/Include/cmsis_gcc.h ****   #pragma GCC diagnostic pop
ARM GAS  /tmp/ccF14vOj.s 			page 6


 108:Drivers/CMSIS/Include/cmsis_gcc.h ****   #define __UNALIGNED_UINT32_READ(addr)          (((const struct T_UINT32_READ *)(const void *)(add
 109:Drivers/CMSIS/Include/cmsis_gcc.h **** #endif
 110:Drivers/CMSIS/Include/cmsis_gcc.h **** #ifndef   __ALIGNED
 111:Drivers/CMSIS/Include/cmsis_gcc.h ****   #define __ALIGNED(x)                           __attribute__((aligned(x)))
 112:Drivers/CMSIS/Include/cmsis_gcc.h **** #endif
 113:Drivers/CMSIS/Include/cmsis_gcc.h **** #ifndef   __RESTRICT
 114:Drivers/CMSIS/Include/cmsis_gcc.h ****   #define __RESTRICT                             __restrict
 115:Drivers/CMSIS/Include/cmsis_gcc.h **** #endif
 116:Drivers/CMSIS/Include/cmsis_gcc.h **** 
 117:Drivers/CMSIS/Include/cmsis_gcc.h **** 
 118:Drivers/CMSIS/Include/cmsis_gcc.h **** /* ###########################  Core Function Access  ########################### */
 119:Drivers/CMSIS/Include/cmsis_gcc.h **** /** \ingroup  CMSIS_Core_FunctionInterface
 120:Drivers/CMSIS/Include/cmsis_gcc.h ****     \defgroup CMSIS_Core_RegAccFunctions CMSIS Core Register Access Functions
 121:Drivers/CMSIS/Include/cmsis_gcc.h ****   @{
 122:Drivers/CMSIS/Include/cmsis_gcc.h ****  */
 123:Drivers/CMSIS/Include/cmsis_gcc.h **** 
 124:Drivers/CMSIS/Include/cmsis_gcc.h **** /**
 125:Drivers/CMSIS/Include/cmsis_gcc.h ****   \brief   Enable IRQ Interrupts
 126:Drivers/CMSIS/Include/cmsis_gcc.h ****   \details Enables IRQ interrupts by clearing the I-bit in the CPSR.
 127:Drivers/CMSIS/Include/cmsis_gcc.h ****            Can only be executed in Privileged modes.
 128:Drivers/CMSIS/Include/cmsis_gcc.h ****  */
 129:Drivers/CMSIS/Include/cmsis_gcc.h **** __STATIC_FORCEINLINE void __enable_irq(void)
 130:Drivers/CMSIS/Include/cmsis_gcc.h **** {
 131:Drivers/CMSIS/Include/cmsis_gcc.h ****   __ASM volatile ("cpsie i" : : : "memory");
 132:Drivers/CMSIS/Include/cmsis_gcc.h **** }
 133:Drivers/CMSIS/Include/cmsis_gcc.h **** 
 134:Drivers/CMSIS/Include/cmsis_gcc.h **** 
 135:Drivers/CMSIS/Include/cmsis_gcc.h **** /**
 136:Drivers/CMSIS/Include/cmsis_gcc.h ****   \brief   Disable IRQ Interrupts
 137:Drivers/CMSIS/Include/cmsis_gcc.h ****   \details Disables IRQ interrupts by setting the I-bit in the CPSR.
 138:Drivers/CMSIS/Include/cmsis_gcc.h ****            Can only be executed in Privileged modes.
 139:Drivers/CMSIS/Include/cmsis_gcc.h ****  */
 140:Drivers/CMSIS/Include/cmsis_gcc.h **** __STATIC_FORCEINLINE void __disable_irq(void)
  37              		.loc 2 140 27 view .LVU2
  38              	.LBB5:
 141:Drivers/CMSIS/Include/cmsis_gcc.h **** {
 142:Drivers/CMSIS/Include/cmsis_gcc.h ****   __ASM volatile ("cpsid i" : : : "memory");
  39              		.loc 2 142 3 view .LVU3
  40              		.syntax unified
  41              	@ 142 "Drivers/CMSIS/Include/cmsis_gcc.h" 1
  42 0000 72B6     		cpsid i
  43              	@ 0 "" 2
  44              		.thumb
  45              		.syntax unified
  46              	.L2:
  47              	.LBE5:
  48              	.LBE4:
 144:Core/Src/main.c ****     while (1)
  49              		.loc 1 144 5 discriminator 1 view .LVU4
 145:Core/Src/main.c ****     {
 146:Core/Src/main.c ****     }
  50              		.loc 1 146 5 discriminator 1 view .LVU5
 144:Core/Src/main.c ****     while (1)
  51              		.loc 1 144 11 discriminator 1 view .LVU6
  52 0002 FEE7     		b	.L2
  53              		.cfi_endproc
  54              	.LFE70:
ARM GAS  /tmp/ccF14vOj.s 			page 7


  56              		.section	.text.SystemClock_Config,"ax",%progbits
  57              		.align	1
  58              		.global	SystemClock_Config
  59              		.syntax unified
  60              		.thumb
  61              		.thumb_func
  63              	SystemClock_Config:
  64              	.LFB69:
  98:Core/Src/main.c ****     RCC_OscInitTypeDef RCC_OscInitStruct = {0};
  65              		.loc 1 98 1 view -0
  66              		.cfi_startproc
  67              		@ args = 0, pretend = 0, frame = 64
  68              		@ frame_needed = 0, uses_anonymous_args = 0
  69 0000 00B5     		push	{lr}
  70              	.LCFI0:
  71              		.cfi_def_cfa_offset 4
  72              		.cfi_offset 14, -4
  73 0002 91B0     		sub	sp, sp, #68
  74              	.LCFI1:
  75              		.cfi_def_cfa_offset 72
  99:Core/Src/main.c ****     RCC_ClkInitTypeDef RCC_ClkInitStruct = {0};
  76              		.loc 1 99 5 view .LVU8
  99:Core/Src/main.c ****     RCC_ClkInitTypeDef RCC_ClkInitStruct = {0};
  77              		.loc 1 99 24 is_stmt 0 view .LVU9
  78 0004 2822     		movs	r2, #40
  79 0006 0021     		movs	r1, #0
  80 0008 06A8     		add	r0, sp, #24
  81 000a FFF7FEFF 		bl	memset
  82              	.LVL0:
 100:Core/Src/main.c **** 
  83              		.loc 1 100 5 is_stmt 1 view .LVU10
 100:Core/Src/main.c **** 
  84              		.loc 1 100 24 is_stmt 0 view .LVU11
  85 000e 0023     		movs	r3, #0
  86 0010 0193     		str	r3, [sp, #4]
  87 0012 0293     		str	r3, [sp, #8]
  88 0014 0393     		str	r3, [sp, #12]
  89 0016 0493     		str	r3, [sp, #16]
  90 0018 0593     		str	r3, [sp, #20]
 105:Core/Src/main.c ****     RCC_OscInitStruct.HSEState = RCC_HSE_ON;
  91              		.loc 1 105 5 is_stmt 1 view .LVU12
 105:Core/Src/main.c ****     RCC_OscInitStruct.HSEState = RCC_HSE_ON;
  92              		.loc 1 105 38 is_stmt 0 view .LVU13
  93 001a 0122     		movs	r2, #1
  94 001c 0692     		str	r2, [sp, #24]
 106:Core/Src/main.c ****     RCC_OscInitStruct.HSEPredivValue = RCC_HSE_PREDIV_DIV1;
  95              		.loc 1 106 5 is_stmt 1 view .LVU14
 106:Core/Src/main.c ****     RCC_OscInitStruct.HSEPredivValue = RCC_HSE_PREDIV_DIV1;
  96              		.loc 1 106 32 is_stmt 0 view .LVU15
  97 001e 4FF48033 		mov	r3, #65536
  98 0022 0793     		str	r3, [sp, #28]
 107:Core/Src/main.c ****     RCC_OscInitStruct.HSIState = RCC_HSI_ON;
  99              		.loc 1 107 5 is_stmt 1 view .LVU16
 108:Core/Src/main.c ****     RCC_OscInitStruct.PLL.PLLState = RCC_PLL_ON;
 100              		.loc 1 108 5 view .LVU17
 108:Core/Src/main.c ****     RCC_OscInitStruct.PLL.PLLState = RCC_PLL_ON;
 101              		.loc 1 108 32 is_stmt 0 view .LVU18
ARM GAS  /tmp/ccF14vOj.s 			page 8


 102 0024 0A92     		str	r2, [sp, #40]
 109:Core/Src/main.c ****     RCC_OscInitStruct.PLL.PLLSource = RCC_PLLSOURCE_HSE;
 103              		.loc 1 109 5 is_stmt 1 view .LVU19
 109:Core/Src/main.c ****     RCC_OscInitStruct.PLL.PLLSource = RCC_PLLSOURCE_HSE;
 104              		.loc 1 109 36 is_stmt 0 view .LVU20
 105 0026 0222     		movs	r2, #2
 106 0028 0D92     		str	r2, [sp, #52]
 110:Core/Src/main.c ****     RCC_OscInitStruct.PLL.PLLMUL = RCC_PLL_MUL9;
 107              		.loc 1 110 5 is_stmt 1 view .LVU21
 110:Core/Src/main.c ****     RCC_OscInitStruct.PLL.PLLMUL = RCC_PLL_MUL9;
 108              		.loc 1 110 37 is_stmt 0 view .LVU22
 109 002a 0E93     		str	r3, [sp, #56]
 111:Core/Src/main.c ****     if (HAL_RCC_OscConfig(&RCC_OscInitStruct) != HAL_OK)
 110              		.loc 1 111 5 is_stmt 1 view .LVU23
 111:Core/Src/main.c ****     if (HAL_RCC_OscConfig(&RCC_OscInitStruct) != HAL_OK)
 111              		.loc 1 111 34 is_stmt 0 view .LVU24
 112 002c 4FF4E013 		mov	r3, #1835008
 113 0030 0F93     		str	r3, [sp, #60]
 112:Core/Src/main.c ****     {
 114              		.loc 1 112 5 is_stmt 1 view .LVU25
 112:Core/Src/main.c ****     {
 115              		.loc 1 112 9 is_stmt 0 view .LVU26
 116 0032 06A8     		add	r0, sp, #24
 117 0034 FFF7FEFF 		bl	HAL_RCC_OscConfig
 118              	.LVL1:
 112:Core/Src/main.c ****     {
 119              		.loc 1 112 8 view .LVU27
 120 0038 80B9     		cbnz	r0, .L7
 119:Core/Src/main.c ****     RCC_ClkInitStruct.SYSCLKSource = RCC_SYSCLKSOURCE_PLLCLK;
 121              		.loc 1 119 5 is_stmt 1 view .LVU28
 119:Core/Src/main.c ****     RCC_ClkInitStruct.SYSCLKSource = RCC_SYSCLKSOURCE_PLLCLK;
 122              		.loc 1 119 33 is_stmt 0 view .LVU29
 123 003a 0F23     		movs	r3, #15
 124 003c 0193     		str	r3, [sp, #4]
 120:Core/Src/main.c ****     RCC_ClkInitStruct.AHBCLKDivider = RCC_SYSCLK_DIV1;
 125              		.loc 1 120 5 is_stmt 1 view .LVU30
 120:Core/Src/main.c ****     RCC_ClkInitStruct.AHBCLKDivider = RCC_SYSCLK_DIV1;
 126              		.loc 1 120 36 is_stmt 0 view .LVU31
 127 003e 0221     		movs	r1, #2
 128 0040 0291     		str	r1, [sp, #8]
 121:Core/Src/main.c ****     RCC_ClkInitStruct.APB1CLKDivider = RCC_HCLK_DIV2;
 129              		.loc 1 121 5 is_stmt 1 view .LVU32
 121:Core/Src/main.c ****     RCC_ClkInitStruct.APB1CLKDivider = RCC_HCLK_DIV2;
 130              		.loc 1 121 37 is_stmt 0 view .LVU33
 131 0042 0023     		movs	r3, #0
 132 0044 0393     		str	r3, [sp, #12]
 122:Core/Src/main.c ****     RCC_ClkInitStruct.APB2CLKDivider = RCC_HCLK_DIV1;
 133              		.loc 1 122 5 is_stmt 1 view .LVU34
 122:Core/Src/main.c ****     RCC_ClkInitStruct.APB2CLKDivider = RCC_HCLK_DIV1;
 134              		.loc 1 122 38 is_stmt 0 view .LVU35
 135 0046 4FF48062 		mov	r2, #1024
 136 004a 0492     		str	r2, [sp, #16]
 123:Core/Src/main.c **** 
 137              		.loc 1 123 5 is_stmt 1 view .LVU36
 123:Core/Src/main.c **** 
 138              		.loc 1 123 38 is_stmt 0 view .LVU37
 139 004c 0593     		str	r3, [sp, #20]
ARM GAS  /tmp/ccF14vOj.s 			page 9


 125:Core/Src/main.c ****     {
 140              		.loc 1 125 5 is_stmt 1 view .LVU38
 125:Core/Src/main.c ****     {
 141              		.loc 1 125 9 is_stmt 0 view .LVU39
 142 004e 01A8     		add	r0, sp, #4
 143 0050 FFF7FEFF 		bl	HAL_RCC_ClockConfig
 144              	.LVL2:
 125:Core/Src/main.c ****     {
 145              		.loc 1 125 8 view .LVU40
 146 0054 20B9     		cbnz	r0, .L8
 129:Core/Src/main.c **** 
 147              		.loc 1 129 1 view .LVU41
 148 0056 11B0     		add	sp, sp, #68
 149              	.LCFI2:
 150              		.cfi_remember_state
 151              		.cfi_def_cfa_offset 4
 152              		@ sp needed
 153 0058 5DF804FB 		ldr	pc, [sp], #4
 154              	.L7:
 155              	.LCFI3:
 156              		.cfi_restore_state
 114:Core/Src/main.c ****     }
 157              		.loc 1 114 9 is_stmt 1 view .LVU42
 158 005c FFF7FEFF 		bl	Error_Handler
 159              	.LVL3:
 160              	.L8:
 127:Core/Src/main.c ****     }
 161              		.loc 1 127 9 view .LVU43
 162 0060 FFF7FEFF 		bl	Error_Handler
 163              	.LVL4:
 164              		.cfi_endproc
 165              	.LFE69:
 167              		.section	.rodata.main.str1.4,"aMS",%progbits,1
 168              		.align	2
 169              	.LC0:
 170 0000 68656C6C 		.ascii	"hello world wanghao\015\000"
 170      6F20776F 
 170      726C6420 
 170      77616E67 
 170      68616F0D 
 171              		.section	.text.main,"ax",%progbits
 172              		.align	1
 173              		.global	main
 174              		.syntax unified
 175              		.thumb
 176              		.thumb_func
 178              	main:
 179              	.LFB68:
  68:Core/Src/main.c ****     /* Reset of all peripherals, Initializes the Flash interface and the Systick. */
 180              		.loc 1 68 1 view -0
 181              		.cfi_startproc
 182              		@ Volatile: function does not return.
 183              		@ args = 0, pretend = 0, frame = 0
 184              		@ frame_needed = 0, uses_anonymous_args = 0
 185 0000 08B5     		push	{r3, lr}
 186              	.LCFI4:
 187              		.cfi_def_cfa_offset 8
ARM GAS  /tmp/ccF14vOj.s 			page 10


 188              		.cfi_offset 3, -8
 189              		.cfi_offset 14, -4
  70:Core/Src/main.c **** 
 190              		.loc 1 70 5 view .LVU45
 191 0002 FFF7FEFF 		bl	HAL_Init
 192              	.LVL5:
  73:Core/Src/main.c **** 
 193              		.loc 1 73 5 view .LVU46
 194 0006 FFF7FEFF 		bl	SystemClock_Config
 195              	.LVL6:
  76:Core/Src/main.c ****     MX_TIM2_Init();
 196              		.loc 1 76 5 view .LVU47
 197 000a FFF7FEFF 		bl	MX_GPIO_Init
 198              	.LVL7:
  77:Core/Src/main.c ****     MX_USART1_UART_Init();
 199              		.loc 1 77 5 view .LVU48
 200 000e FFF7FEFF 		bl	MX_TIM2_Init
 201              	.LVL8:
  78:Core/Src/main.c ****     HAL_TIM_Base_Start_IT(&htim2);
 202              		.loc 1 78 5 view .LVU49
 203 0012 FFF7FEFF 		bl	MX_USART1_UART_Init
 204              	.LVL9:
  79:Core/Src/main.c **** 
 205              		.loc 1 79 5 view .LVU50
 206 0016 0548     		ldr	r0, .L12
 207 0018 FFF7FEFF 		bl	HAL_TIM_Base_Start_IT
 208              	.LVL10:
 209              	.L10:
  84:Core/Src/main.c ****     {
 210              		.loc 1 84 5 discriminator 1 view .LVU51
  87:Core/Src/main.c ****         printf("hello world wanghao\r\n");
 211              		.loc 1 87 9 discriminator 1 view .LVU52
 212 001c 4FF47A70 		mov	r0, #1000
 213 0020 FFF7FEFF 		bl	HAL_Delay
 214              	.LVL11:
  88:Core/Src/main.c ****         // LCD_Test();
 215              		.loc 1 88 9 discriminator 1 view .LVU53
 216 0024 0248     		ldr	r0, .L12+4
 217 0026 FFF7FEFF 		bl	puts
 218              	.LVL12:
  84:Core/Src/main.c ****     {
 219              		.loc 1 84 11 discriminator 1 view .LVU54
 220 002a F7E7     		b	.L10
 221              	.L13:
 222              		.align	2
 223              	.L12:
 224 002c 00000000 		.word	htim2
 225 0030 00000000 		.word	.LC0
 226              		.cfi_endproc
 227              	.LFE68:
 229              		.text
 230              	.Letext0:
 231              		.file 3 "/home/wanghao/gcc-arm-none-eabi/arm-none-eabi/include/machine/_default_types.h"
 232              		.file 4 "/home/wanghao/gcc-arm-none-eabi/arm-none-eabi/include/sys/_stdint.h"
 233              		.file 5 "Drivers/CMSIS/Device/ST/STM32F1xx/Include/stm32f103xe.h"
 234              		.file 6 "Drivers/STM32F1xx_HAL_Driver/Inc/stm32f1xx_hal_def.h"
 235              		.file 7 "Drivers/STM32F1xx_HAL_Driver/Inc/stm32f1xx_hal_rcc.h"
ARM GAS  /tmp/ccF14vOj.s 			page 11


 236              		.file 8 "Drivers/STM32F1xx_HAL_Driver/Inc/stm32f1xx_hal_rcc_ex.h"
 237              		.file 9 "Drivers/STM32F1xx_HAL_Driver/Inc/stm32f1xx_hal_dma.h"
 238              		.file 10 "Drivers/STM32F1xx_HAL_Driver/Inc/stm32f1xx_hal_tim.h"
 239              		.file 11 "Drivers/STM32F1xx_HAL_Driver/Inc/stm32f1xx_hal.h"
 240              		.file 12 "Core/Inc/gpio.h"
 241              		.file 13 "Core/Inc/tim.h"
 242              		.file 14 "Core/Inc/usart.h"
 243              		.file 15 "<built-in>"
ARM GAS  /tmp/ccF14vOj.s 			page 12


DEFINED SYMBOLS
                            *ABS*:0000000000000000 main.c
     /tmp/ccF14vOj.s:18     .text.Error_Handler:0000000000000000 $t
     /tmp/ccF14vOj.s:24     .text.Error_Handler:0000000000000000 Error_Handler
     /tmp/ccF14vOj.s:57     .text.SystemClock_Config:0000000000000000 $t
     /tmp/ccF14vOj.s:63     .text.SystemClock_Config:0000000000000000 SystemClock_Config
     /tmp/ccF14vOj.s:168    .rodata.main.str1.4:0000000000000000 $d
     /tmp/ccF14vOj.s:172    .text.main:0000000000000000 $t
     /tmp/ccF14vOj.s:178    .text.main:0000000000000000 main
     /tmp/ccF14vOj.s:224    .text.main:000000000000002c $d

UNDEFINED SYMBOLS
memset
HAL_RCC_OscConfig
HAL_RCC_ClockConfig
HAL_Init
MX_GPIO_Init
MX_TIM2_Init
MX_USART1_UART_Init
HAL_TIM_Base_Start_IT
HAL_Delay
puts
htim2
